<?xml version="1.0" encoding="UTF-8"?>
<testng-results ignored="0" total="1" passed="1" failed="0" skipped="0">
  <reporter-output>
  </reporter-output>
  <suite started-at="2023-08-28T03:15:04Z" name="Default suite" finished-at="2023-08-28T03:15:10Z" duration-ms="6234">
    <groups>
    </groups>
    <test started-at="2023-08-28T03:15:04Z" name="Default test" finished-at="2023-08-28T03:15:10Z" duration-ms="6234">
      <class name="POM.Runner">
        <test-method is-config="true" signature="bt()[pri:0, instance:POM.Runner@514646ef]" started-at="2023-08-28T03:15:04Z" name="bt" finished-at="2023-08-28T03:15:08Z" duration-ms="4514" status="PASS">
          <reporter-output>
          </reporter-output>
        </test-method> <!-- bt -->
        <test-method signature="main()[pri:0, instance:POM.Runner@514646ef]" started-at="2023-08-28T03:15:08Z" name="main" finished-at="2023-08-28T03:15:09Z" duration-ms="1037" status="PASS">
          <reporter-output>
          </reporter-output>
        </test-method> <!-- main -->
        <test-method is-config="true" signature="at()[pri:0, instance:POM.Runner@514646ef]" started-at="2023-08-28T03:15:09Z" name="at" finished-at="2023-08-28T03:15:10Z" duration-ms="605" status="PASS">
          <reporter-output>
          </reporter-output>
        </test-method> <!-- at -->
      </class> <!-- POM.Runner -->
    </test> <!-- Default test -->
  </suite> <!-- Default suite -->
</testng-results>
